The system is: Windows - 10.0.18363 - AMD64
Compiling the C compiler identification source file "CMakeCCompilerId.c" succeeded.
Compiler:  
Build flags: 
Id flags:  

The output was:
0
Microsoft (R) Build Engine 16.7.0+b89cb5fde dla platformy .NET Framework
Copyright (C) Microsoft Corporation. Wszelkie prawa zastrzeľone.

Kompilacja rozpocz©a si© 2020-11-06 13:26:56.
Projekt "F:\C++\ZPR\CityTrafficSimulator_ZPR\Cmak\CMakeFiles\3.19.0-rc2\CompilerIdC\CompilerIdC.vcxproj" w w©«le 1 (domylne elementy docelowe).
PrepareForBuild:
  Tworzenie katalogu "Debug\".
  Tworzenie katalogu "Debug\CompilerIdC.tlog\".
InitializeBuildStatus:
  Trwa tworzenie "Debug\CompilerIdC.tlog\unsuccessfulbuild", poniewaľ okrelono "AlwaysCreate".
VcpkgTripletSelection:
  Using triplet "x86-windows" from "F:\C++\vcpkg\installed\x86-windows\"
ClCompile:
  C:\Program Files (x86)\Microsoft Visual Studio\2019\Community\VC\Tools\MSVC\14.27.29110\bin\HostX64\x86\CL.exe /c /I"F:\C++\vcpkg\installed\x86-windows\include" /nologo /W0 /WX- /diagnostics:column /Od /Oy- /D _MBCS /Gm- /EHsc /RTC1 /MDd /GS /fp:precise /Zc:wchar_t /Zc:forScope /Zc:inline /Fo"Debug\\" /Fd"Debug\vc142.pdb" /Gd /TC /analyze- /FC /errorReport:queue CMakeCCompilerId.c
  CMakeCCompilerId.c
Link:
  C:\Program Files (x86)\Microsoft Visual Studio\2019\Community\VC\Tools\MSVC\14.27.29110\bin\HostX64\x86\link.exe /ERRORREPORT:QUEUE /OUT:".\CompilerIdC.exe" /INCREMENTAL:NO /NOLOGO /LIBPATH:"F:\C++\vcpkg\installed\x86-windows\debug\lib" /LIBPATH:"F:\C++\vcpkg\installed\x86-windows\debug\lib\manual-link" kernel32.lib user32.lib gdi32.lib winspool.lib comdlg32.lib advapi32.lib shell32.lib ole32.lib oleaut32.lib uuid.lib odbc32.lib odbccp32.lib "F:\C++\vcpkg\installed\x86-windows\debug\lib\*.lib" /MANIFEST /MANIFESTUAC:"level='asInvoker' uiAccess='false'" /manifest:embed /PDB:".\CompilerIdC.pdb" /SUBSYSTEM:CONSOLE /TLBID:1 /DYNAMICBASE /NXCOMPAT /IMPLIB:".\CompilerIdC.lib" /MACHINE:X86 /SAFESEH Debug\CMakeCCompilerId.obj
  CompilerIdC.vcxproj -> F:\C++\ZPR\CityTrafficSimulator_ZPR\Cmak\CMakeFiles\3.19.0-rc2\CompilerIdC\.\CompilerIdC.exe
AppLocalFromInstalled:
  C:\WINDOWS\System32\WindowsPowerShell\v1.0\powershell.exe -ExecutionPolicy Bypass -noprofile -File "F:\C++\vcpkg\scripts\buildsystems\msbuild\applocal.ps1" "F:\C++\ZPR\CityTrafficSimulator_ZPR\Cmak\CMakeFiles\3.19.0-rc2\CompilerIdC\.\CompilerIdC.exe" "F:\C++\vcpkg\installed\x86-windows\debug\bin" "Debug\CompilerIdC.tlog\CompilerIdC.write.1u.tlog" "Debug\vcpkg.applocal.log"
PostBuildEvent:
  for %%i in (cl.exe) do @echo CMAKE_C_COMPILER=%%~$PATH:i
  :VCEnd
  CMAKE_C_COMPILER=C:\Program Files (x86)\Microsoft Visual Studio\2019\Community\VC\Tools\MSVC\14.27.29110\bin\Hostx64\x86\cl.exe
FinalizeBuildStatus:
  Usuwanie pliku "Debug\CompilerIdC.tlog\unsuccessfulbuild".
  Modyfikowanie "Debug\CompilerIdC.tlog\CompilerIdC.lastbuildstate".
Kompilowanie projektu "F:\C++\ZPR\CityTrafficSimulator_ZPR\Cmak\CMakeFiles\3.19.0-rc2\CompilerIdC\CompilerIdC.vcxproj" wykonane (domylne elementy docelowe).

Kompilacja powioda si©.
    Ostrzeľenia: 0
    Liczba b©d˘w: 0

Czas, kt˘ry upynĄ: 00:00:10.13


Compilation of the C compiler identification source "CMakeCCompilerId.c" produced "CompilerIdC.exe"

Compilation of the C compiler identification source "CMakeCCompilerId.c" produced "CompilerIdC.vcxproj"

The C compiler identification is MSVC, found in "F:/C++/ZPR/CityTrafficSimulator_ZPR/Cmak/CMakeFiles/3.19.0-rc2/CompilerIdC/CompilerIdC.exe"

Compiling the CXX compiler identification source file "CMakeCXXCompilerId.cpp" succeeded.
Compiler:  
Build flags: 
Id flags:  

The output was:
0
Microsoft (R) Build Engine 16.7.0+b89cb5fde dla platformy .NET Framework
Copyright (C) Microsoft Corporation. Wszelkie prawa zastrzeľone.

Kompilacja rozpocz©a si© 2020-11-06 13:27:07.
Projekt "F:\C++\ZPR\CityTrafficSimulator_ZPR\Cmak\CMakeFiles\3.19.0-rc2\CompilerIdCXX\CompilerIdCXX.vcxproj" w w©«le 1 (domylne elementy docelowe).
PrepareForBuild:
  Tworzenie katalogu "Debug\".
  Tworzenie katalogu "Debug\CompilerIdCXX.tlog\".
InitializeBuildStatus:
  Trwa tworzenie "Debug\CompilerIdCXX.tlog\unsuccessfulbuild", poniewaľ okrelono "AlwaysCreate".
VcpkgTripletSelection:
  Using triplet "x86-windows" from "F:\C++\vcpkg\installed\x86-windows\"
ClCompile:
  C:\Program Files (x86)\Microsoft Visual Studio\2019\Community\VC\Tools\MSVC\14.27.29110\bin\HostX64\x86\CL.exe /c /I"F:\C++\vcpkg\installed\x86-windows\include" /nologo /W0 /WX- /diagnostics:column /Od /Oy- /D _MBCS /Gm- /EHsc /RTC1 /MDd /GS /fp:precise /Zc:wchar_t /Zc:forScope /Zc:inline /Fo"Debug\\" /Fd"Debug\vc142.pdb" /Gd /TP /analyze- /FC /errorReport:queue CMakeCXXCompilerId.cpp
  CMakeCXXCompilerId.cpp
Link:
  C:\Program Files (x86)\Microsoft Visual Studio\2019\Community\VC\Tools\MSVC\14.27.29110\bin\HostX64\x86\link.exe /ERRORREPORT:QUEUE /OUT:".\CompilerIdCXX.exe" /INCREMENTAL:NO /NOLOGO /LIBPATH:"F:\C++\vcpkg\installed\x86-windows\debug\lib" /LIBPATH:"F:\C++\vcpkg\installed\x86-windows\debug\lib\manual-link" kernel32.lib user32.lib gdi32.lib winspool.lib comdlg32.lib advapi32.lib shell32.lib ole32.lib oleaut32.lib uuid.lib odbc32.lib odbccp32.lib "F:\C++\vcpkg\installed\x86-windows\debug\lib\*.lib" /MANIFEST /MANIFESTUAC:"level='asInvoker' uiAccess='false'" /manifest:embed /PDB:".\CompilerIdCXX.pdb" /SUBSYSTEM:CONSOLE /TLBID:1 /DYNAMICBASE /NXCOMPAT /IMPLIB:".\CompilerIdCXX.lib" /MACHINE:X86 /SAFESEH Debug\CMakeCXXCompilerId.obj
  CompilerIdCXX.vcxproj -> F:\C++\ZPR\CityTrafficSimulator_ZPR\Cmak\CMakeFiles\3.19.0-rc2\CompilerIdCXX\.\CompilerIdCXX.exe
AppLocalFromInstalled:
  C:\WINDOWS\System32\WindowsPowerShell\v1.0\powershell.exe -ExecutionPolicy Bypass -noprofile -File "F:\C++\vcpkg\scripts\buildsystems\msbuild\applocal.ps1" "F:\C++\ZPR\CityTrafficSimulator_ZPR\Cmak\CMakeFiles\3.19.0-rc2\CompilerIdCXX\.\CompilerIdCXX.exe" "F:\C++\vcpkg\installed\x86-windows\debug\bin" "Debug\CompilerIdCXX.tlog\CompilerIdCXX.write.1u.tlog" "Debug\vcpkg.applocal.log"
PostBuildEvent:
  for %%i in (cl.exe) do @echo CMAKE_CXX_COMPILER=%%~$PATH:i
  :VCEnd
  CMAKE_CXX_COMPILER=C:\Program Files (x86)\Microsoft Visual Studio\2019\Community\VC\Tools\MSVC\14.27.29110\bin\Hostx64\x86\cl.exe
FinalizeBuildStatus:
  Usuwanie pliku "Debug\CompilerIdCXX.tlog\unsuccessfulbuild".
  Modyfikowanie "Debug\CompilerIdCXX.tlog\CompilerIdCXX.lastbuildstate".
Kompilowanie projektu "F:\C++\ZPR\CityTrafficSimulator_ZPR\Cmak\CMakeFiles\3.19.0-rc2\CompilerIdCXX\CompilerIdCXX.vcxproj" wykonane (domylne elementy docelowe).

Kompilacja powioda si©.
    Ostrzeľenia: 0
    Liczba b©d˘w: 0

Czas, kt˘ry upynĄ: 00:00:02.73


Compilation of the CXX compiler identification source "CMakeCXXCompilerId.cpp" produced "CompilerIdCXX.exe"

Compilation of the CXX compiler identification source "CMakeCXXCompilerId.cpp" produced "CompilerIdCXX.vcxproj"

The CXX compiler identification is MSVC, found in "F:/C++/ZPR/CityTrafficSimulator_ZPR/Cmak/CMakeFiles/3.19.0-rc2/CompilerIdCXX/CompilerIdCXX.exe"

Detecting C compiler ABI info compiled with the following output:
Change Dir: F:/C++/ZPR/CityTrafficSimulator_ZPR/Cmak/CMakeFiles/CMakeTmp

Run Build Command(s):C:/Program Files (x86)/Microsoft Visual Studio/2019/Community/MSBuild/Current/Bin/MSBuild.exe cmTC_33027.vcxproj /p:Configuration=Debug /p:Platform=Win32 /p:VisualStudioVersion=16.0 /v:m && Microsoft (R) Build Engine 16.7.0+b89cb5fde dla platformy .NET Framework
Copyright (C) Microsoft Corporation. Wszelkie prawa zastrzeľone.

  Microsoft (R) C/C++ Optimizing Compiler Version 19.27.29112 for x86
  Copyright (C) Microsoft Corporation.  All rights reserved.
  CMakeCCompilerABI.c
  cl /c /I"F:\C++\vcpkg\installed\x86-windows\include" /Zi /W3 /WX- /diagnostics:column /Od /Ob0 /Oy- /D WIN32 /D _WINDOWS /D "CMAKE_INTDIR=\"Debug\"" /D _MBCS /Gm- /RTC1 /MDd /GS /fp:precise /Zc:wchar_t /Zc:forScope /Zc:inline /Fo"cmTC_33027.dir\Debug\\" /Fd"cmTC_33027.dir\Debug\vc142.pdb" /Gd /TC /analyze- /errorReport:queue "C:\Program Files\CMake\share\cmake-3.19\Modules\CMakeCCompilerABI.c"
  cmTC_33027.vcxproj -> F:\C++\ZPR\CityTrafficSimulator_ZPR\Cmak\CMakeFiles\CMakeTmp\Debug\cmTC_33027.exe



Detecting CXX compiler ABI info compiled with the following output:
Change Dir: F:/C++/ZPR/CityTrafficSimulator_ZPR/Cmak/CMakeFiles/CMakeTmp

Run Build Command(s):C:/Program Files (x86)/Microsoft Visual Studio/2019/Community/MSBuild/Current/Bin/MSBuild.exe cmTC_209da.vcxproj /p:Configuration=Debug /p:Platform=Win32 /p:VisualStudioVersion=16.0 /v:m && Microsoft (R) Build Engine 16.7.0+b89cb5fde dla platformy .NET Framework
Copyright (C) Microsoft Corporation. Wszelkie prawa zastrzeľone.

  Microsoft (R) C/C++ Optimizing Compiler Version 19.27.29112 for x86
  Copyright (C) Microsoft Corporation.  All rights reserved.
  CMakeCXXCompilerABI.cpp
  cl /c /I"F:\C++\vcpkg\installed\x86-windows\include" /Zi /W3 /WX- /diagnostics:column /Od /Ob0 /Oy- /D WIN32 /D _WINDOWS /D "CMAKE_INTDIR=\"Debug\"" /D _MBCS /Gm- /EHsc /RTC1 /MDd /GS /fp:precise /Zc:wchar_t /Zc:forScope /Zc:inline /GR /Fo"cmTC_209da.dir\Debug\\" /Fd"cmTC_209da.dir\Debug\vc142.pdb" /Gd /TP /analyze- /errorReport:queue "C:\Program Files\CMake\share\cmake-3.19\Modules\CMakeCXXCompilerABI.cpp"
  cmTC_209da.vcxproj -> F:\C++\ZPR\CityTrafficSimulator_ZPR\Cmak\CMakeFiles\CMakeTmp\Debug\cmTC_209da.exe



