  SimulationHandler.cpp
H:\Programowanie\C++\CityTrafficSimulator_ZPR\Code\SimulationHandler.cpp(12,36): warning C4244: "=": konwersja z "double" do "int", możliwa utrata danych
H:\Programowanie\C++\CityTrafficSimulator_ZPR\Code\SimulationHandler.cpp(13,32): warning C4244: "=": konwersja z "double" do "int", możliwa utrata danych
H:\Programowanie\C++\CityTrafficSimulator_ZPR\Code\SimulationHandler.cpp(14,39): warning C4244: "=": konwersja z "double" do "int", możliwa utrata danych
H:\Programowanie\C++\CityTrafficSimulator_ZPR\Code\SimulationHandler.cpp(16,103): warning C4244: "argument": konwersja z "int" do "T", możliwa utrata danych
          with
          [
              T=float
          ]
H:\Programowanie\C++\CityTrafficSimulator_ZPR\Code\SimulationHandler.cpp(16,84): warning C4244: "argument": konwersja z "int" do "T", możliwa utrata danych
          with
          [
              T=float
          ]
H:\Programowanie\C++\CityTrafficSimulator_ZPR\Code\SimulationHandler.cpp(18,178): warning C4244: "argument": konwersja z "int" do "T", możliwa utrata danych
          with
          [
              T=float
          ]
H:\Programowanie\C++\CityTrafficSimulator_ZPR\Code\SimulationHandler.cpp(18,118): warning C4244: "argument": konwersja z "int" do "T", możliwa utrata danych
          with
          [
              T=float
          ]
H:\Programowanie\C++\CityTrafficSimulator_ZPR\Code\SimulationHandler.cpp(57,90): warning C4244: "argument": konwersja z "int" do "T", możliwa utrata danych
          with
          [
              T=float
          ]
H:\Programowanie\C++\CityTrafficSimulator_ZPR\Code\SimulationHandler.cpp(57,57): warning C4244: "argument": konwersja z "int" do "T", możliwa utrata danych
          with
          [
              T=float
          ]
H:\Programowanie\C++\CityTrafficSimulator_ZPR\Code\SimulationHandler.cpp(59,169): warning C4244: "argument": konwersja z "int" do "T", możliwa utrata danych
          with
          [
              T=float
          ]
H:\Programowanie\C++\CityTrafficSimulator_ZPR\Code\SimulationHandler.cpp(59,109): warning C4244: "argument": konwersja z "int" do "T", możliwa utrata danych
          with
          [
              T=float
          ]
H:\Programowanie\C++\CityTrafficSimulator_ZPR\Code\SimulationHandler.cpp(70,82): warning C4244: "argument": konwersja z "int" do "T", możliwa utrata danych
          with
          [
              T=float
          ]
H:\Programowanie\C++\CityTrafficSimulator_ZPR\Code\SimulationHandler.cpp(70,49): warning C4244: "argument": konwersja z "int" do "T", możliwa utrata danych
          with
          [
              T=float
          ]
H:\Programowanie\C++\CityTrafficSimulator_ZPR\Code\SimulationHandler.cpp(72,155): warning C4244: "argument": konwersja z "int" do "T", możliwa utrata danych
          with
          [
              T=float
          ]
H:\Programowanie\C++\CityTrafficSimulator_ZPR\Code\SimulationHandler.cpp(72,98): warning C4244: "argument": konwersja z "int" do "T", możliwa utrata danych
          with
          [
              T=float
          ]
H:\Programowanie\C++\CityTrafficSimulator_ZPR\Code\SimulationHandler.cpp(89,24): warning C4244: "inicjowanie": konwersja z "double" do "int", możliwa utrata danych
H:\Programowanie\C++\CityTrafficSimulator_ZPR\Code\SimulationHandler.cpp(99,92): warning C4244: "argument": konwersja z "_Rep" do "unsigned int", możliwa utrata danych
          with
          [
              _Rep=__int64
          ]
  Vehicle.cpp
H:\Programowanie\C++\CityTrafficSimulator_ZPR\Code\Vehicles\Vehicle.cpp(12,73): warning C4244: "=": konwersja z "T" do "int", możliwa utrata danych
          with
          [
              T=float
          ]
H:\Programowanie\C++\CityTrafficSimulator_ZPR\Code\Vehicles\Vehicle.cpp(17,73): warning C4244: "=": konwersja z "T" do "int", możliwa utrata danych
          with
          [
              T=float
          ]
H:\Programowanie\C++\CityTrafficSimulator_ZPR\Code\Vehicles\Vehicle.cpp(22,73): warning C4244: "=": konwersja z "T" do "int", możliwa utrata danych
          with
          [
              T=float
          ]
H:\Programowanie\C++\CityTrafficSimulator_ZPR\Code\Vehicles\Vehicle.cpp(27,73): warning C4244: "=": konwersja z "T" do "int", możliwa utrata danych
          with
          [
              T=float
          ]
H:\Programowanie\C++\CityTrafficSimulator_ZPR\Code\Vehicles\Vehicle.cpp(37,45): warning C4244: "argument": konwersja z "int" do "T", możliwa utrata danych
          with
          [
              T=float
          ]
H:\Programowanie\C++\CityTrafficSimulator_ZPR\Code\Vehicles\Vehicle.cpp(37,41): warning C4244: "argument": konwersja z "int" do "T", możliwa utrata danych
          with
          [
              T=float
          ]
H:\Programowanie\C++\CityTrafficSimulator_ZPR\Code\Vehicles\Vehicle.cpp(198,86): warning C4244: "argument": konwersja z "_Rep" do "unsigned int", możliwa utrata danych
          with
          [
              _Rep=__int64
          ]
H:\Programowanie\C++\CityTrafficSimulator_ZPR\Code\Vehicles\Vehicle.cpp(248,86): warning C4244: "argument": konwersja z "_Rep" do "unsigned int", możliwa utrata danych
          with
          [
              _Rep=__int64
          ]
  Trwa generowanie kodu
  4 of 1719 functions ( 0.2%) were compiled, the rest were copied from previous compilation.
    0 functions were new in current compilation
    1 functions had inline decision re-evaluated but remain unchanged
  Zakończono generowanie kodu
  SFML Project.vcxproj -> H:\Programowanie\C++\CityTrafficSimulator_ZPR\Platforms\Windows\Release\SFML Project.exe
