  Building Custom Rule H:/Programowanie/C++/CityTrafficSimulator_ZPR/CMakeLists.txt
  car.cpp
H:\Programowanie\C++\CityTrafficSimulator_ZPR\Code\Vehicles\car.cpp(13,30): warning C4244: "=": konwersja z "double" do "int", możliwa utrata danych
H:\Programowanie\C++\CityTrafficSimulator_ZPR\Code\Vehicles\car.cpp(14,26): warning C4244: "=": konwersja z "double" do "int", możliwa utrata danych
H:\Programowanie\C++\CityTrafficSimulator_ZPR\Code\Vehicles\car.cpp(15,33): warning C4244: "=": konwersja z "double" do "int", możliwa utrata danych
H:\Programowanie\C++\CityTrafficSimulator_ZPR\Code\Vehicles\car.cpp(21,84): warning C4244: "argument": konwersja z "int" do "T", możliwa utrata danych
          with
          [
              T=float
          ]
H:\Programowanie\C++\CityTrafficSimulator_ZPR\Code\Vehicles\car.cpp(21,51): warning C4244: "argument": konwersja z "int" do "T", możliwa utrata danych
          with
          [
              T=float
          ]
H:\Programowanie\C++\CityTrafficSimulator_ZPR\Code\Vehicles\car.cpp(23,44): warning C4244: "argument": konwersja z "int" do "T", możliwa utrata danych
          with
          [
              T=float
          ]
H:\Programowanie\C++\CityTrafficSimulator_ZPR\Code\Vehicles\car.cpp(23,41): warning C4244: "argument": konwersja z "int" do "T", możliwa utrata danych
          with
          [
              T=float
          ]
H:\Programowanie\C++\CityTrafficSimulator_ZPR\Code\Vehicles\car.cpp(25,88): warning C4244: "argument": konwersja z "double" do "T", możliwa utrata danych
          with
          [
              T=float
          ]
H:\Programowanie\C++\CityTrafficSimulator_ZPR\Code\Vehicles\car.cpp(25,48): warning C4244: "argument": konwersja z "double" do "T", możliwa utrata danych
          with
          [
              T=float
          ]
  truck.cpp
H:\Programowanie\C++\CityTrafficSimulator_ZPR\Code\Vehicles\truck.cpp(12,30): warning C4244: "=": konwersja z "double" do "int", możliwa utrata danych
H:\Programowanie\C++\CityTrafficSimulator_ZPR\Code\Vehicles\truck.cpp(13,26): warning C4244: "=": konwersja z "double" do "int", możliwa utrata danych
H:\Programowanie\C++\CityTrafficSimulator_ZPR\Code\Vehicles\truck.cpp(14,33): warning C4244: "=": konwersja z "double" do "int", możliwa utrata danych
H:\Programowanie\C++\CityTrafficSimulator_ZPR\Code\Vehicles\truck.cpp(20,86): warning C4244: "argument": konwersja z "double" do "T", możliwa utrata danych
          with
          [
              T=float
          ]
H:\Programowanie\C++\CityTrafficSimulator_ZPR\Code\Vehicles\truck.cpp(20,48): warning C4244: "argument": konwersja z "double" do "T", możliwa utrata danych
          with
          [
              T=float
          ]
H:\Programowanie\C++\CityTrafficSimulator_ZPR\Code\Vehicles\truck.cpp(22,44): warning C4244: "argument": konwersja z "int" do "T", możliwa utrata danych
          with
          [
              T=float
          ]
H:\Programowanie\C++\CityTrafficSimulator_ZPR\Code\Vehicles\truck.cpp(22,41): warning C4244: "argument": konwersja z "int" do "T", możliwa utrata danych
          with
          [
              T=float
          ]
H:\Programowanie\C++\CityTrafficSimulator_ZPR\Code\Vehicles\truck.cpp(24,88): warning C4244: "argument": konwersja z "double" do "T", możliwa utrata danych
          with
          [
              T=float
          ]
H:\Programowanie\C++\CityTrafficSimulator_ZPR\Code\Vehicles\truck.cpp(24,48): warning C4244: "argument": konwersja z "double" do "T", możliwa utrata danych
          with
          [
              T=float
          ]
  vehicle.cpp
H:\Programowanie\C++\CityTrafficSimulator_ZPR\Code\Vehicles\vehicle.cpp(12,73): warning C4244: "=": konwersja z "T" do "int", możliwa utrata danych
          with
          [
              T=float
          ]
H:\Programowanie\C++\CityTrafficSimulator_ZPR\Code\Vehicles\vehicle.cpp(17,73): warning C4244: "=": konwersja z "T" do "int", możliwa utrata danych
          with
          [
              T=float
          ]
H:\Programowanie\C++\CityTrafficSimulator_ZPR\Code\Vehicles\vehicle.cpp(22,73): warning C4244: "=": konwersja z "T" do "int", możliwa utrata danych
          with
          [
              T=float
          ]
H:\Programowanie\C++\CityTrafficSimulator_ZPR\Code\Vehicles\vehicle.cpp(27,73): warning C4244: "=": konwersja z "T" do "int", możliwa utrata danych
          with
          [
              T=float
          ]
H:\Programowanie\C++\CityTrafficSimulator_ZPR\Code\Vehicles\vehicle.cpp(37,45): warning C4244: "argument": konwersja z "int" do "T", możliwa utrata danych
          with
          [
              T=float
          ]
H:\Programowanie\C++\CityTrafficSimulator_ZPR\Code\Vehicles\vehicle.cpp(37,41): warning C4244: "argument": konwersja z "int" do "T", możliwa utrata danych
          with
          [
              T=float
          ]
H:\Programowanie\C++\CityTrafficSimulator_ZPR\Code\Vehicles\vehicle.cpp(164,86): warning C4244: "argument": konwersja z "_Rep" do "unsigned int", możliwa utrata danych
          with
          [
              _Rep=__int64
          ]
H:\Programowanie\C++\CityTrafficSimulator_ZPR\Code\Vehicles\vehicle.cpp(214,86): warning C4244: "argument": konwersja z "_Rep" do "unsigned int", możliwa utrata danych
          with
          [
              _Rep=__int64
          ]
  vehicle_factory.cpp
  asset_manager.cpp
  button.cpp
H:\Programowanie\C++\CityTrafficSimulator_ZPR\Code\button.cpp(40,169): warning C4244: "argument": konwersja z "T" do "T", możliwa utrata danych
          with
          [
              T=float
          ]
          and
          [
              T=int
          ]
H:\Programowanie\C++\CityTrafficSimulator_ZPR\Code\button.cpp(40,127): warning C4244: "argument": konwersja z "T" do "T", możliwa utrata danych
          with
          [
              T=float
          ]
          and
          [
              T=int
          ]
H:\Programowanie\C++\CityTrafficSimulator_ZPR\Code\button.cpp(40,89): warning C4244: "argument": konwersja z "const T" do "T", możliwa utrata danych
          with
          [
              T=float
          ]
          and
          [
              T=int
          ]
H:\Programowanie\C++\CityTrafficSimulator_ZPR\Code\button.cpp(40,55): warning C4244: "argument": konwersja z "const T" do "T", możliwa utrata danych
          with
          [
              T=float
          ]
          and
          [
              T=int
          ]
H:\Programowanie\C++\CityTrafficSimulator_ZPR\Code\button.cpp(53,169): warning C4244: "argument": konwersja z "T" do "T", możliwa utrata danych
          with
          [
              T=float
          ]
          and
          [
              T=int
          ]
H:\Programowanie\C++\CityTrafficSimulator_ZPR\Code\button.cpp(53,127): warning C4244: "argument": konwersja z "T" do "T", możliwa utrata danych
          with
          [
              T=float
          ]
          and
          [
              T=int
          ]
H:\Programowanie\C++\CityTrafficSimulator_ZPR\Code\button.cpp(53,89): warning C4244: "argument": konwersja z "const T" do "T", możliwa utrata danych
          with
          [
              T=float
          ]
          and
          [
              T=int
          ]
H:\Programowanie\C++\CityTrafficSimulator_ZPR\Code\button.cpp(53,55): warning C4244: "argument": konwersja z "const T" do "T", możliwa utrata danych
          with
          [
              T=float
          ]
          and
          [
              T=int
          ]
  camera.cpp
  cameras_subject.cpp
  cameras_view.cpp
H:\Programowanie\C++\CityTrafficSimulator_ZPR\Code\cameras_view.cpp(44,94): warning C4244: "argument": konwersja z "int" do "T", możliwa utrata danych
          with
          [
              T=float
          ]
H:\Programowanie\C++\CityTrafficSimulator_ZPR\Code\cameras_view.cpp(46,100): warning C4244: "argument": konwersja z "int" do "T", możliwa utrata danych
          with
          [
              T=float
          ]
H:\Programowanie\C++\CityTrafficSimulator_ZPR\Code\cameras_view.cpp(59,61): warning C4244: "argument": konwersja z "int" do "float", możliwa utrata danych
  cell.cpp
  creator_handler.cpp
H:\Programowanie\C++\CityTrafficSimulator_ZPR\Code\creator_handler.cpp(62,13): warning C4101: "row": lokalna zmienna, do której nie istnieje odwołanie
H:\Programowanie\C++\CityTrafficSimulator_ZPR\Code\creator_handler.cpp(62,18): warning C4101: "col": lokalna zmienna, do której nie istnieje odwołanie
  creator_state.cpp
  creator_subject.cpp
  file_finder.cpp
  grid.cpp
  init_create_state.cpp
H:\Programowanie\C++\CityTrafficSimulator_ZPR\Code\init_create_state.cpp(31,40): warning C4305: "argument": obcięcie z "double" do "float"
  input_manager.cpp
H:\Programowanie\C++\CityTrafficSimulator_ZPR\Code\input_manager.cpp(11,90): warning C4244: "argument": konwersja z "T" do "T", możliwa utrata danych
          with
          [
              T=float
          ]
          and
          [
              T=int
          ]
H:\Programowanie\C++\CityTrafficSimulator_ZPR\Code\input_manager.cpp(11,58): warning C4244: "argument": konwersja z "T" do "T", możliwa utrata danych
          with
          [
              T=float
          ]
          and
          [
              T=int
          ]
H:\Programowanie\C++\CityTrafficSimulator_ZPR\Code\input_manager.cpp(10,78): warning C4244: "argument": konwersja z "const T" do "T", możliwa utrata danych
          with
          [
              T=float
          ]
          and
          [
              T=int
          ]
H:\Programowanie\C++\CityTrafficSimulator_ZPR\Code\input_manager.cpp(10,54): warning C4244: "argument": konwersja z "const T" do "T", możliwa utrata danych
          with
          [
              T=float
          ]
          and
          [
              T=int
          ]
  load_demo.cpp
  load_state.cpp
H:\Programowanie\C++\CityTrafficSimulator_ZPR\Code\load_state.cpp(39,40): warning C4305: "argument": obcięcie z "double" do "float"
  main.cpp
  Generowanie kodu...
  Trwa kompilowanie...
  main_menu_state.cpp
H:\Programowanie\C++\CityTrafficSimulator_ZPR\Code\main_menu_state.cpp(41,40): warning C4305: "argument": obcięcie z "double" do "float"
  map_view.cpp
H:\Programowanie\C++\CityTrafficSimulator_ZPR\Code\map_view.cpp(144,63): warning C4244: "argument": konwersja z "int" do "T", możliwa utrata danych
          with
          [
              T=float
          ]
H:\Programowanie\C++\CityTrafficSimulator_ZPR\Code\map_view.cpp(145,76): warning C4244: "argument": konwersja z "int" do "T", możliwa utrata danych
          with
          [
              T=float
          ]
H:\Programowanie\C++\CityTrafficSimulator_ZPR\Code\map_view.cpp(145,62): warning C4244: "argument": konwersja z "int" do "T", możliwa utrata danych
          with
          [
              T=float
          ]
H:\Programowanie\C++\CityTrafficSimulator_ZPR\Code\map_view.cpp(146,62): warning C4244: "argument": konwersja z "int" do "T", możliwa utrata danych
          with
          [
              T=float
          ]
H:\Programowanie\C++\CityTrafficSimulator_ZPR\Code\map_view.cpp(147,76): warning C4244: "argument": konwersja z "int" do "T", możliwa utrata danych
          with
          [
              T=float
          ]
H:\Programowanie\C++\CityTrafficSimulator_ZPR\Code\map_view.cpp(147,44): warning C4244: "argument": konwersja z "int" do "T", możliwa utrata danych
          with
          [
              T=float
          ]
H:\Programowanie\C++\CityTrafficSimulator_ZPR\Code\map_view.cpp(157,79): warning C4244: "argument": konwersja z "int" do "T", możliwa utrata danych
          with
          [
              T=float
          ]
H:\Programowanie\C++\CityTrafficSimulator_ZPR\Code\map_view.cpp(158,95): warning C4244: "argument": konwersja z "int" do "T", możliwa utrata danych
          with
          [
              T=float
          ]
H:\Programowanie\C++\CityTrafficSimulator_ZPR\Code\map_view.cpp(158,71): warning C4244: "argument": konwersja z "int" do "T", możliwa utrata danych
          with
          [
              T=float
          ]
H:\Programowanie\C++\CityTrafficSimulator_ZPR\Code\map_view.cpp(165,77): warning C4244: "argument": konwersja z "int" do "T", możliwa utrata danych
          with
          [
              T=float
          ]
H:\Programowanie\C++\CityTrafficSimulator_ZPR\Code\map_view.cpp(166,86): warning C4244: "argument": konwersja z "int" do "T", możliwa utrata danych
          with
          [
              T=float
          ]
H:\Programowanie\C++\CityTrafficSimulator_ZPR\Code\map_view.cpp(166,53): warning C4244: "argument": konwersja z "int" do "T", możliwa utrata danych
          with
          [
              T=float
          ]
H:\Programowanie\C++\CityTrafficSimulator_ZPR\Code\map_view.cpp(173,18): warning C4244: "inicjowanie": konwersja z "double" do "int", możliwa utrata danych
H:\Programowanie\C++\CityTrafficSimulator_ZPR\Code\map_view.cpp(213,82): warning C4244: "argument": konwersja z "int" do "T", możliwa utrata danych
          with
          [
              T=float
          ]
H:\Programowanie\C++\CityTrafficSimulator_ZPR\Code\map_view.cpp(213,49): warning C4244: "argument": konwersja z "int" do "T", możliwa utrata danych
          with
          [
              T=float
          ]
H:\Programowanie\C++\CityTrafficSimulator_ZPR\Code\map_view.cpp(226,84): warning C4244: "argument": konwersja z "int" do "T", możliwa utrata danych
          with
          [
              T=float
          ]
H:\Programowanie\C++\CityTrafficSimulator_ZPR\Code\map_view.cpp(226,51): warning C4244: "argument": konwersja z "int" do "T", możliwa utrata danych
          with
          [
              T=float
          ]
H:\Programowanie\C++\CityTrafficSimulator_ZPR\Code\map_view.cpp(256,27): warning C4244: "=": konwersja z "double" do "int", możliwa utrata danych
H:\Programowanie\C++\CityTrafficSimulator_ZPR\Code\map_view.cpp(258,29): warning C4244: "=": konwersja z "double" do "int", możliwa utrata danych
H:\Programowanie\C++\CityTrafficSimulator_ZPR\Code\map_view.cpp(363,80): warning C4244: "argument": konwersja z "T" do "T", możliwa utrata danych
          with
          [
              T=float
          ]
          and
          [
              T=int
          ]
H:\Programowanie\C++\CityTrafficSimulator_ZPR\Code\map_view.cpp(363,68): warning C4244: "argument": konwersja z "T" do "T", możliwa utrata danych
          with
          [
              T=float
          ]
          and
          [
              T=int
          ]
H:\Programowanie\C++\CityTrafficSimulator_ZPR\Code\map_view.cpp(384,88): warning C4244: "argument": konwersja z "T" do "T", możliwa utrata danych
          with
          [
              T=float
          ]
          and
          [
              T=int
          ]
H:\Programowanie\C++\CityTrafficSimulator_ZPR\Code\map_view.cpp(384,76): warning C4244: "argument": konwersja z "T" do "T", możliwa utrata danych
          with
          [
              T=float
          ]
          and
          [
              T=int
          ]
H:\Programowanie\C++\CityTrafficSimulator_ZPR\Code\map_view.cpp(415,11): warning C4244: "inicjowanie": konwersja z "int" do "float", możliwa utrata danych
H:\Programowanie\C++\CityTrafficSimulator_ZPR\Code\map_view.cpp(416,11): warning C4244: "inicjowanie": konwersja z "int" do "float", możliwa utrata danych
  save_state.cpp
H:\Programowanie\C++\CityTrafficSimulator_ZPR\Code\save_state.cpp(18,40): warning C4305: "argument": obcięcie z "double" do "float"
  simulation_handler.cpp
H:\Programowanie\C++\CityTrafficSimulator_ZPR\Code\simulation_handler.cpp(12,36): warning C4244: "=": konwersja z "double" do "int", możliwa utrata danych
H:\Programowanie\C++\CityTrafficSimulator_ZPR\Code\simulation_handler.cpp(13,32): warning C4244: "=": konwersja z "double" do "int", możliwa utrata danych
H:\Programowanie\C++\CityTrafficSimulator_ZPR\Code\simulation_handler.cpp(14,39): warning C4244: "=": konwersja z "double" do "int", możliwa utrata danych
H:\Programowanie\C++\CityTrafficSimulator_ZPR\Code\simulation_handler.cpp(16,103): warning C4244: "argument": konwersja z "int" do "T", możliwa utrata danych
          with
          [
              T=float
          ]
H:\Programowanie\C++\CityTrafficSimulator_ZPR\Code\simulation_handler.cpp(16,84): warning C4244: "argument": konwersja z "int" do "T", możliwa utrata danych
          with
          [
              T=float
          ]
H:\Programowanie\C++\CityTrafficSimulator_ZPR\Code\simulation_handler.cpp(18,178): warning C4244: "argument": konwersja z "int" do "T", możliwa utrata danych
          with
          [
              T=float
          ]
H:\Programowanie\C++\CityTrafficSimulator_ZPR\Code\simulation_handler.cpp(18,118): warning C4244: "argument": konwersja z "int" do "T", możliwa utrata danych
          with
          [
              T=float
          ]
H:\Programowanie\C++\CityTrafficSimulator_ZPR\Code\simulation_handler.cpp(76,87): warning C4244: "argument": konwersja z "int" do "T", możliwa utrata danych
          with
          [
              T=float
          ]
H:\Programowanie\C++\CityTrafficSimulator_ZPR\Code\simulation_handler.cpp(76,54): warning C4244: "argument": konwersja z "int" do "T", możliwa utrata danych
          with
          [
              T=float
          ]
H:\Programowanie\C++\CityTrafficSimulator_ZPR\Code\simulation_handler.cpp(78,161): warning C4244: "argument": konwersja z "int" do "T", możliwa utrata danych
          with
          [
              T=float
          ]
H:\Programowanie\C++\CityTrafficSimulator_ZPR\Code\simulation_handler.cpp(78,101): warning C4244: "argument": konwersja z "int" do "T", możliwa utrata danych
          with
          [
              T=float
          ]
H:\Programowanie\C++\CityTrafficSimulator_ZPR\Code\simulation_handler.cpp(86,82): warning C4244: "argument": konwersja z "int" do "T", możliwa utrata danych
          with
          [
              T=float
          ]
H:\Programowanie\C++\CityTrafficSimulator_ZPR\Code\simulation_handler.cpp(86,49): warning C4244: "argument": konwersja z "int" do "T", możliwa utrata danych
          with
          [
              T=float
          ]
H:\Programowanie\C++\CityTrafficSimulator_ZPR\Code\simulation_handler.cpp(88,155): warning C4244: "argument": konwersja z "int" do "T", możliwa utrata danych
          with
          [
              T=float
          ]
H:\Programowanie\C++\CityTrafficSimulator_ZPR\Code\simulation_handler.cpp(88,98): warning C4244: "argument": konwersja z "int" do "T", możliwa utrata danych
          with
          [
              T=float
          ]
H:\Programowanie\C++\CityTrafficSimulator_ZPR\Code\simulation_handler.cpp(98,24): warning C4244: "inicjowanie": konwersja z "double" do "int", możliwa utrata danych
H:\Programowanie\C++\CityTrafficSimulator_ZPR\Code\simulation_handler.cpp(108,92): warning C4244: "argument": konwersja z "_Rep" do "unsigned int", możliwa utrata danych
          with
          [
              _Rep=__int64
          ]
  simulation_subject.cpp
  simulator.cpp
  splash_state.cpp
  state_machine.cpp
  tools_subject.cpp
  tools_view.cpp
  Generowanie kodu...
  CityTrafficSimulator.vcxproj -> H:\Programowanie\C++\CityTrafficSimulator_ZPR\CMakeFiles\Debug\CityTrafficSimulator.exe
