f:\c++\zpr\citytrafficsimulator_zpr\platforms\windows\sfml project\debug\vc142.pdb
f:\c++\zpr\citytrafficsimulator_zpr\platforms\windows\sfml project\debug\vc142.idb
f:\c++\zpr\citytrafficsimulator_zpr\platforms\windows\sfml project\debug\car.obj
f:\c++\zpr\citytrafficsimulator_zpr\platforms\windows\sfml project\debug\statemachine.obj
f:\c++\zpr\citytrafficsimulator_zpr\platforms\windows\sfml project\debug\splashstate.obj
f:\c++\zpr\citytrafficsimulator_zpr\platforms\windows\sfml project\debug\simulator.obj
f:\c++\zpr\citytrafficsimulator_zpr\platforms\windows\sfml project\debug\mainmenustate.obj
f:\c++\zpr\citytrafficsimulator_zpr\platforms\windows\sfml project\debug\main.obj
f:\c++\zpr\citytrafficsimulator_zpr\platforms\windows\sfml project\debug\inputmanager.obj
f:\c++\zpr\citytrafficsimulator_zpr\platforms\windows\sfml project\debug\assetmanager.obj
f:\c++\zpr\citytrafficsimulator_zpr\platforms\windows\debug\sfml project.ilk
f:\c++\zpr\citytrafficsimulator_zpr\platforms\windows\debug\sfml project.exe
f:\c++\zpr\citytrafficsimulator_zpr\platforms\windows\debug\sfml project.pdb
f:\c++\zpr\citytrafficsimulator_zpr\platforms\windows\sfml project\debug\vcpkg.applocal.log
f:\c++\zpr\citytrafficsimulator_zpr\platforms\windows\debug\sfml-graphics-d-2.dll
f:\c++\zpr\citytrafficsimulator_zpr\platforms\windows\debug\sfml-window-d-2.dll
f:\c++\zpr\citytrafficsimulator_zpr\platforms\windows\debug\sfml-system-d-2.dll
f:\c++\zpr\citytrafficsimulator_zpr\platforms\windows\debug\freetyped.dll
f:\c++\zpr\citytrafficsimulator_zpr\platforms\windows\debug\zlibd1.dll
f:\c++\zpr\citytrafficsimulator_zpr\platforms\windows\debug\bz2d.dll
f:\c++\zpr\citytrafficsimulator_zpr\platforms\windows\debug\libpng16d.dll
f:\c++\zpr\citytrafficsimulator_zpr\platforms\windows\debug\brotlidec.dll
f:\c++\zpr\citytrafficsimulator_zpr\platforms\windows\debug\brotlicommon.dll
f:\c++\zpr\citytrafficsimulator_zpr\platforms\windows\sfml project\debug\sfml project.tlog\cl.command.1.tlog
f:\c++\zpr\citytrafficsimulator_zpr\platforms\windows\sfml project\debug\sfml project.tlog\cl.read.1.tlog
f:\c++\zpr\citytrafficsimulator_zpr\platforms\windows\sfml project\debug\sfml project.tlog\cl.write.1.tlog
f:\c++\zpr\citytrafficsimulator_zpr\platforms\windows\sfml project\debug\sfml project.tlog\link.command.1.tlog
f:\c++\zpr\citytrafficsimulator_zpr\platforms\windows\sfml project\debug\sfml project.tlog\link.read.1.tlog
f:\c++\zpr\citytrafficsimulator_zpr\platforms\windows\sfml project\debug\sfml project.tlog\link.write.1.tlog
f:\c++\zpr\citytrafficsimulator_zpr\platforms\windows\sfml project\debug\sfml project.tlog\sfml project.write.1u.tlog
